{"/Users/allanswanepoel/projects/infrascloudy/generator-infrascloudy/generators/app/index.js": {"path":"/Users/allanswanepoel/projects/infrascloudy/generator-infrascloudy/generators/app/index.js","statementMap":{"0":{"start":{"line":2,"column":18},"end":{"line":2,"column":45}},"1":{"start":{"line":3,"column":14},"end":{"line":3,"column":30}},"2":{"start":{"line":4,"column":14},"end":{"line":4,"column":30}},"3":{"start":{"line":5,"column":18},"end":{"line":5,"column":45}},"4":{"start":{"line":6,"column":19},"end":{"line":6,"column":47}},"5":{"start":{"line":7,"column":18},"end":{"line":7,"column":45}},"6":{"start":{"line":8,"column":18},"end":{"line":8,"column":45}},"7":{"start":{"line":10,"column":0},"end":{"line":164,"column":2}},"8":{"start":{"line":12,"column":4},"end":{"line":17,"column":6}},"9":{"start":{"line":19,"column":20},"end":{"line":45,"column":5}},"10":{"start":{"line":47,"column":4},"end":{"line":58,"column":7}},"11":{"start":{"line":49,"column":6},"end":{"line":49,"column":25}},"12":{"start":{"line":50,"column":6},"end":{"line":50,"column":53}},"13":{"start":{"line":51,"column":6},"end":{"line":51,"column":53}},"14":{"start":{"line":52,"column":6},"end":{"line":52,"column":66}},"15":{"start":{"line":53,"column":6},"end":{"line":57,"column":8}},"16":{"start":{"line":62,"column":4},"end":{"line":70,"column":6}},"17":{"start":{"line":72,"column":4},"end":{"line":84,"column":6}},"18":{"start":{"line":85,"column":4},"end":{"line":88,"column":6}},"19":{"start":{"line":89,"column":4},"end":{"line":95,"column":6}},"20":{"start":{"line":96,"column":4},"end":{"line":99,"column":6}},"21":{"start":{"line":100,"column":4},"end":{"line":103,"column":6}},"22":{"start":{"line":104,"column":4},"end":{"line":107,"column":6}},"23":{"start":{"line":108,"column":4},"end":{"line":111,"column":6}},"24":{"start":{"line":112,"column":4},"end":{"line":115,"column":6}},"25":{"start":{"line":116,"column":4},"end":{"line":122,"column":6}},"26":{"start":{"line":123,"column":4},"end":{"line":126,"column":6}},"27":{"start":{"line":128,"column":4},"end":{"line":135,"column":6}},"28":{"start":{"line":137,"column":4},"end":{"line":140,"column":6}},"29":{"start":{"line":142,"column":4},"end":{"line":148,"column":6}},"30":{"start":{"line":150,"column":4},"end":{"line":153,"column":6}},"31":{"start":{"line":155,"column":4},"end":{"line":158,"column":6}},"32":{"start":{"line":162,"column":4},"end":{"line":162,"column":31}}},"fnMap":{"0":{"name":"(anonymous_0)","decl":{"start":{"line":11,"column":2},"end":{"line":11,"column":3}},"loc":{"start":{"line":11,"column":20},"end":{"line":59,"column":3}},"line":11},"1":{"name":"(anonymous_1)","decl":{"start":{"line":47,"column":37},"end":{"line":47,"column":38}},"loc":{"start":{"line":47,"column":46},"end":{"line":58,"column":5}},"line":47},"2":{"name":"(anonymous_2)","decl":{"start":{"line":61,"column":2},"end":{"line":61,"column":3}},"loc":{"start":{"line":61,"column":12},"end":{"line":159,"column":3}},"line":61},"3":{"name":"(anonymous_3)","decl":{"start":{"line":161,"column":2},"end":{"line":161,"column":3}},"loc":{"start":{"line":161,"column":12},"end":{"line":163,"column":3}},"line":161}},"branchMap":{},"s":{"0":1,"1":1,"2":1,"3":1,"4":1,"5":1,"6":1,"7":1,"8":1,"9":1,"10":1,"11":1,"12":1,"13":1,"14":1,"15":1,"16":1,"17":1,"18":1,"19":1,"20":1,"21":1,"22":1,"23":1,"24":1,"25":1,"26":1,"27":1,"28":1,"29":1,"30":1,"31":1,"32":1},"f":{"0":1,"1":1,"2":1,"3":1},"b":{},"_coverageSchema":"43e27e138ebf9cfc5966b082cf9a028302ed4184","hash":"f028512becd054d063080587b71d3b0a0b9afccc"}
}
