TN:
SF:/Users/allanswanepoel/projects/infrascloudy/generator-infrascloudy/generators/app/index.js
FN:11,(anonymous_0)
FN:47,(anonymous_1)
FN:61,(anonymous_2)
FN:161,(anonymous_3)
FNF:4
FNH:4
FNDA:1,(anonymous_0)
FNDA:1,(anonymous_1)
FNDA:1,(anonymous_2)
FNDA:1,(anonymous_3)
DA:2,1
DA:3,1
DA:4,1
DA:5,1
DA:6,1
DA:7,1
DA:8,1
DA:10,1
DA:12,1
DA:19,1
DA:47,1
DA:49,1
DA:50,1
DA:51,1
DA:52,1
DA:53,1
DA:62,1
DA:72,1
DA:85,1
DA:89,1
DA:96,1
DA:100,1
DA:104,1
DA:108,1
DA:112,1
DA:116,1
DA:123,1
DA:128,1
DA:137,1
DA:142,1
DA:150,1
DA:155,1
DA:162,1
LF:33
LH:33
BRF:0
BRH:0
end_of_record
